[0.014s] Invoking command in '/home/a/ws_moveit2/build/stm32_mavlink_interface': CMAKE_PREFIX_PATH=${CMAKE_PREFIX_PATH}:/home/a/ws_moveit2/install/moveit_configs_utils:/home/a/ws_moveit2/install/ros_tcp_endpoint:/home/a/ws_moveit2/install/realsense2_ros_mqtt_bridge:/home/a/ws_moveit2/install/launch_param_builder:/home/a/ws_moveit2/install/dynamixel_controller_gui:/home/a/ws_moveit2/install/dynamixel_controller_client:/home/a/ws_moveit2/install/d415_rgb_depth_3d:/opt/ros/humble /usr/bin/cmake --build /home/a/ws_moveit2/build/stm32_mavlink_interface -- -j22 -l22
[0.062s] [35m[1mConsolidate compiler generated dependencies of target stm32_mavlink_interface__rosidl_generator_c[0m
[0.069s] [  1%] Built target stm32_mavlink_interface__cpp
[0.077s] [  1%] Built target ament_cmake_python_copy_stm32_mavlink_interface
[0.079s] [ 12%] Built target stm32_mavlink_interface__rosidl_generator_c
[0.079s] [35m[1mConsolidate compiler generated dependencies of target stm32_mavlink_interface__rosidl_typesupport_introspection_cpp[0m
[0.081s] [35m[1mConsolidate compiler generated dependencies of target stm32_mavlink_interface__rosidl_typesupport_cpp[0m
[0.085s] [35m[1mConsolidate compiler generated dependencies of target stm32_mavlink_interface__rosidl_typesupport_fastrtps_cpp[0m
[0.090s] [35m[1mConsolidate compiler generated dependencies of target stm32_mavlink_interface__rosidl_typesupport_c[0m
[0.091s] [35m[1mConsolidate compiler generated dependencies of target stm32_mavlink_interface__rosidl_typesupport_fastrtps_c[0m
[0.093s] [ 24%] Built target stm32_mavlink_interface__rosidl_typesupport_introspection_cpp
[0.095s] [35m[1mConsolidate compiler generated dependencies of target stm32_mavlink_interface__rosidl_typesupport_introspection_c[0m
[0.095s] [ 35%] Built target stm32_mavlink_interface__rosidl_typesupport_cpp
[0.105s] [ 46%] Built target stm32_mavlink_interface__rosidl_typesupport_fastrtps_cpp
[0.105s] [ 57%] Built target stm32_mavlink_interface__rosidl_typesupport_fastrtps_c
[0.106s] [ 68%] Built target stm32_mavlink_interface__rosidl_typesupport_c
[0.109s] [ 80%] Built target stm32_mavlink_interface__rosidl_typesupport_introspection_c
[0.117s] [ 81%] [32mBuilding CXX object CMakeFiles/mavlink_serial_node.dir/src/robomaster_controller.cpp.o[0m
[0.118s] [ 83%] [32mBuilding CXX object CMakeFiles/mavlink_serial_node.dir/src/encoder_interface.cpp.o[0m
[0.118s] [ 83%] [32mBuilding CXX object CMakeFiles/mavlink_serial_node.dir/src/servo_controller.cpp.o[0m
[0.119s] [ 83%] [32mBuilding CXX object CMakeFiles/mavlink_serial_node.dir/src/mavlink_serial_node.cpp.o[0m
[0.131s] [ 83%] Built target stm32_mavlink_interface
[0.160s] [ 84%] [34m[1mGenerating Python code for ROS interfaces[0m
[0.239s] In file included from [01m[K/home/a/ws_moveit2/src/MAVLink_ros2/src/servo_controller.cpp:1[m[K:
[0.239s] [01m[K/home/a/ws_moveit2/src/MAVLink_ros2/include/stm32_mavlink_interface/servo_controller.hpp:10:10:[m[K [01;31m[Kfatal error: [m[Kmavlink/c_library_v2/common/mavlink.h: No such file or directory
[0.239s]    10 | #include [01;31m[K"mavlink/c_library_v2/common/mavlink.h"[m[K
[0.239s]       |          [01;31m[K^~~~~~~~~~~~~~~~~~~~~~~~~~~~~~~~~~~~~~~[m[K
[0.239s] compilation terminated.
[0.240s] In file included from [01m[K/home/a/ws_moveit2/src/MAVLink_ros2/src/robomaster_controller.cpp:1[m[K:
[0.240s] [01m[K/home/a/ws_moveit2/src/MAVLink_ros2/include/stm32_mavlink_interface/robomaster_controller.hpp:13:10:[m[K [01;31m[Kfatal error: [m[Kmavlink/c_library_v2/common/mavlink.h: No such file or directory
[0.240s]    13 | #include [01;31m[K"mavlink/c_library_v2/common/mavlink.h"[m[K
[0.240s]       |          [01;31m[K^~~~~~~~~~~~~~~~~~~~~~~~~~~~~~~~~~~~~~~[m[K
[0.240s] compilation terminated.
[0.241s] gmake[2]: *** [CMakeFiles/mavlink_serial_node.dir/build.make:90: CMakeFiles/mavlink_serial_node.dir/src/servo_controller.cpp.o] Error 1
[0.241s] gmake[2]: *** Waiting for unfinished jobs....
[0.241s] gmake[2]: *** [CMakeFiles/mavlink_serial_node.dir/build.make:118: CMakeFiles/mavlink_serial_node.dir/src/robomaster_controller.cpp.o] Error 1
[0.242s] In file included from [01m[K/home/a/ws_moveit2/src/MAVLink_ros2/src/encoder_interface.cpp:1[m[K:
[0.242s] [01m[K/home/a/ws_moveit2/src/MAVLink_ros2/include/stm32_mavlink_interface/encoder_interface.hpp:11:10:[m[K [01;31m[Kfatal error: [m[Kmavlink/c_library_v2/common/mavlink.h: No such file or directory
[0.242s]    11 | #include [01;31m[K"mavlink/c_library_v2/common/mavlink.h"[m[K
[0.242s]       |          [01;31m[K^~~~~~~~~~~~~~~~~~~~~~~~~~~~~~~~~~~~~~~[m[K
[0.242s] compilation terminated.
[0.243s] gmake[2]: *** [CMakeFiles/mavlink_serial_node.dir/build.make:104: CMakeFiles/mavlink_serial_node.dir/src/encoder_interface.cpp.o] Error 1
[0.251s] running egg_info
[0.251s] writing stm32_mavlink_interface.egg-info/PKG-INFO
[0.251s] writing dependency_links to stm32_mavlink_interface.egg-info/dependency_links.txt
[0.252s] writing top-level names to stm32_mavlink_interface.egg-info/top_level.txt
[0.253s] reading manifest file 'stm32_mavlink_interface.egg-info/SOURCES.txt'
[0.253s] writing manifest file 'stm32_mavlink_interface.egg-info/SOURCES.txt'
[0.260s] In file included from [01m[K/home/a/ws_moveit2/src/MAVLink_ros2/src/mavlink_serial_node.cpp:1[m[K:
[0.260s] [01m[K/home/a/ws_moveit2/src/MAVLink_ros2/include/stm32_mavlink_interface/mavlink_serial_node.hpp:14:10:[m[K [01;31m[Kfatal error: [m[Kmavlink/c_library_v2/common/mavlink.h: No such file or directory
[0.260s]    14 | #include [01;31m[K"mavlink/c_library_v2/common/mavlink.h"[m[K
[0.260s]       |          [01;31m[K^~~~~~~~~~~~~~~~~~~~~~~~~~~~~~~~~~~~~~~[m[K
[0.260s] compilation terminated.
[0.262s] gmake[2]: *** [CMakeFiles/mavlink_serial_node.dir/build.make:76: CMakeFiles/mavlink_serial_node.dir/src/mavlink_serial_node.cpp.o] Error 1
[0.262s] gmake[1]: *** [CMakeFiles/Makefile2:593: CMakeFiles/mavlink_serial_node.dir/all] Error 2
[0.262s] gmake[1]: *** Waiting for unfinished jobs....
[0.275s] [ 84%] Built target ament_cmake_python_build_stm32_mavlink_interface_egg
[2.214s] [ 84%] Built target stm32_mavlink_interface__py
[2.215s] gmake: *** [Makefile:146: all] Error 2
[2.216s] Invoked command in '/home/a/ws_moveit2/build/stm32_mavlink_interface' returned '2': CMAKE_PREFIX_PATH=${CMAKE_PREFIX_PATH}:/home/a/ws_moveit2/install/moveit_configs_utils:/home/a/ws_moveit2/install/ros_tcp_endpoint:/home/a/ws_moveit2/install/realsense2_ros_mqtt_bridge:/home/a/ws_moveit2/install/launch_param_builder:/home/a/ws_moveit2/install/dynamixel_controller_gui:/home/a/ws_moveit2/install/dynamixel_controller_client:/home/a/ws_moveit2/install/d415_rgb_depth_3d:/opt/ros/humble /usr/bin/cmake --build /home/a/ws_moveit2/build/stm32_mavlink_interface -- -j22 -l22
