[0.013s] Invoking command in '/home/a/ws_moveit2/build/trac_ik_lib': CMAKE_PREFIX_PATH=${CMAKE_PREFIX_PATH}:/home/a/ws_moveit2/install/moveit_configs_utils:/home/a/ws_moveit2/install/ros_tcp_endpoint:/home/a/ws_moveit2/install/launch_param_builder:/home/a/ws_moveit2/install/dynamixel_controller_gui:/home/a/ws_moveit2/install/dynamixel_controller_client:/opt/ros/humble /usr/bin/cmake --build /home/a/ws_moveit2/build/trac_ik_lib -- -j22 -l22
[0.052s] [35m[1mConsolidate compiler generated dependencies of target trac_ik[0m
[0.066s] [ 25%] [32mBuilding CXX object CMakeFiles/trac_ik.dir/src/trac_ik.cpp.o[0m
[0.246s] [01m[K/home/a/ws_moveit2/src/trac_ik/trac_ik_lib/src/trac_ik.cpp:37:10:[m[K [01;31m[Kfatal error: [m[Kurdf/model.hpp: No such file or directory
[0.246s]    37 | #include [01;31m[K<urdf/model.hpp>[m[K
[0.246s]       |          [01;31m[K^~~~~~~~~~~~~~~~[m[K
[0.246s] compilation terminated.
[0.251s] gmake[2]: *** [CMakeFiles/trac_ik.dir/build.make:104: CMakeFiles/trac_ik.dir/src/trac_ik.cpp.o] Error 1
[0.251s] gmake[1]: *** [CMakeFiles/Makefile2:137: CMakeFiles/trac_ik.dir/all] Error 2
[0.252s] gmake: *** [Makefile:146: all] Error 2
[0.254s] Invoked command in '/home/a/ws_moveit2/build/trac_ik_lib' returned '2': CMAKE_PREFIX_PATH=${CMAKE_PREFIX_PATH}:/home/a/ws_moveit2/install/moveit_configs_utils:/home/a/ws_moveit2/install/ros_tcp_endpoint:/home/a/ws_moveit2/install/launch_param_builder:/home/a/ws_moveit2/install/dynamixel_controller_gui:/home/a/ws_moveit2/install/dynamixel_controller_client:/opt/ros/humble /usr/bin/cmake --build /home/a/ws_moveit2/build/trac_ik_lib -- -j22 -l22
