[0.010s] Invoking command in '/home/a/ws_moveit2/build/trac_ik_lib': CMAKE_PREFIX_PATH=${CMAKE_PREFIX_PATH}:/home/a/ws_moveit2/install/moveit_configs_utils:/home/a/ws_moveit2/install/ros_tcp_endpoint:/home/a/ws_moveit2/install/launch_param_builder:/home/a/ws_moveit2/install/dynamixel_controller_gui:/home/a/ws_moveit2/install/dynamixel_controller_client:/opt/ros/humble /usr/bin/cmake /home/a/ws_moveit2/src/trac_ik/trac_ik_lib -DCMAKE_INSTALL_PREFIX=/home/a/ws_moveit2/install/trac_ik_lib
[0.061s] -- The C compiler identification is GNU 11.4.0
[0.100s] -- The CXX compiler identification is GNU 11.4.0
[0.104s] -- Detecting C compiler ABI info
[0.170s] -- Detecting C compiler ABI info - done
[0.173s] -- Check for working C compiler: /usr/bin/cc - skipped
[0.173s] -- Detecting C compile features
[0.174s] -- Detecting C compile features - done
[0.175s] -- Detecting CXX compiler ABI info
[0.240s] -- Detecting CXX compiler ABI info - done
[0.245s] -- Check for working CXX compiler: /usr/bin/c++ - skipped
[0.245s] -- Detecting CXX compile features
[0.245s] -- Detecting CXX compile features - done
[0.249s] -- Found ament_cmake: 1.3.12 (/opt/ros/humble/share/ament_cmake/cmake)
[0.368s] -- Found Python3: /usr/bin/python3 (found version "3.10.12") found components: Interpreter 
[0.468s] -- Found eigen3_cmake_module: 0.1.1 (/opt/ros/humble/share/eigen3_cmake_module/cmake)
[0.471s] -- Found geometry_msgs: 4.9.0 (/opt/ros/humble/share/geometry_msgs/cmake)
[0.516s] -- Found rosidl_generator_c: 3.1.7 (/opt/ros/humble/share/rosidl_generator_c/cmake)
[0.524s] -- Found rosidl_adapter: 3.1.7 (/opt/ros/humble/share/rosidl_adapter/cmake)
[0.533s] -- Found rosidl_generator_cpp: 3.1.7 (/opt/ros/humble/share/rosidl_generator_cpp/cmake)
[0.547s] -- Using all available rosidl_typesupport_c: rosidl_typesupport_fastrtps_c;rosidl_typesupport_introspection_c
[0.564s] -- Using all available rosidl_typesupport_cpp: rosidl_typesupport_fastrtps_cpp;rosidl_typesupport_introspection_cpp
[0.596s] -- Found kdl_parser: 2.6.4 (/opt/ros/humble/share/kdl_parser/cmake)
[0.605s] -- Found Eigen3: TRUE (found version "3.4.0") 
[0.605s] -- Ensuring Eigen3 include directory is part of orocos-kdl CMake target
[0.616s] -- Found rclcpp: 16.0.14 (/opt/ros/humble/share/rclcpp/cmake)
[0.675s] -- Found rmw_implementation_cmake: 6.1.2 (/opt/ros/humble/share/rmw_implementation_cmake/cmake)
[0.685s] -- Found rmw_fastrtps_cpp: 6.2.8 (/opt/ros/humble/share/rmw_fastrtps_cpp/cmake)
[0.793s] -- Found OpenSSL: /usr/lib/x86_64-linux-gnu/libcrypto.so (found version "3.0.2")  
[0.813s] -- Found FastRTPS: /opt/ros/humble/include  
[0.849s] -- Using RMW implementation 'rmw_fastrtps_cpp' as default
[0.860s] -- Looking for pthread.h
[0.925s] -- Looking for pthread.h - found
[0.925s] -- Performing Test CMAKE_HAVE_LIBC_PTHREAD
[0.991s] -- Performing Test CMAKE_HAVE_LIBC_PTHREAD - Success
[0.993s] -- Found Threads: TRUE  
[1.027s] -- Found urdf: 2.6.1 (/opt/ros/humble/share/urdf/cmake)
[1.114s] -- Configuring done
[1.119s] -- Generating done
[1.121s] -- Build files have been written to: /home/a/ws_moveit2/build/trac_ik_lib
[1.130s] Invoked command in '/home/a/ws_moveit2/build/trac_ik_lib' returned '0': CMAKE_PREFIX_PATH=${CMAKE_PREFIX_PATH}:/home/a/ws_moveit2/install/moveit_configs_utils:/home/a/ws_moveit2/install/ros_tcp_endpoint:/home/a/ws_moveit2/install/launch_param_builder:/home/a/ws_moveit2/install/dynamixel_controller_gui:/home/a/ws_moveit2/install/dynamixel_controller_client:/opt/ros/humble /usr/bin/cmake /home/a/ws_moveit2/src/trac_ik/trac_ik_lib -DCMAKE_INSTALL_PREFIX=/home/a/ws_moveit2/install/trac_ik_lib
[1.131s] Invoking command in '/home/a/ws_moveit2/build/trac_ik_lib': CMAKE_PREFIX_PATH=${CMAKE_PREFIX_PATH}:/home/a/ws_moveit2/install/moveit_configs_utils:/home/a/ws_moveit2/install/ros_tcp_endpoint:/home/a/ws_moveit2/install/launch_param_builder:/home/a/ws_moveit2/install/dynamixel_controller_gui:/home/a/ws_moveit2/install/dynamixel_controller_client:/opt/ros/humble /usr/bin/cmake --build /home/a/ws_moveit2/build/trac_ik_lib -- -j22 -l22
[1.179s] [ 25%] [32mBuilding CXX object CMakeFiles/trac_ik.dir/src/kdl_tl.cpp.o[0m
[1.179s] [ 50%] [32mBuilding CXX object CMakeFiles/trac_ik.dir/src/nlopt_ik.cpp.o[0m
[1.179s] [ 75%] [32mBuilding CXX object CMakeFiles/trac_ik.dir/src/trac_ik.cpp.o[0m
[1.352s] [01m[K/home/a/ws_moveit2/src/trac_ik/trac_ik_lib/src/trac_ik.cpp:37:10:[m[K [01;31m[Kfatal error: [m[Kurdf/model.hpp: No such file or directory
[1.352s]    37 | #include [01;31m[K<urdf/model.hpp>[m[K
[1.352s]       |          [01;31m[K^~~~~~~~~~~~~~~~[m[K
[1.352s] compilation terminated.
[1.357s] gmake[2]: *** [CMakeFiles/trac_ik.dir/build.make:104: CMakeFiles/trac_ik.dir/src/trac_ik.cpp.o] Error 1
[1.357s] gmake[2]: *** Waiting for unfinished jobs....
[3.152s] gmake[1]: *** [CMakeFiles/Makefile2:137: CMakeFiles/trac_ik.dir/all] Error 2
[3.152s] gmake: *** [Makefile:146: all] Error 2
[3.155s] Invoked command in '/home/a/ws_moveit2/build/trac_ik_lib' returned '2': CMAKE_PREFIX_PATH=${CMAKE_PREFIX_PATH}:/home/a/ws_moveit2/install/moveit_configs_utils:/home/a/ws_moveit2/install/ros_tcp_endpoint:/home/a/ws_moveit2/install/launch_param_builder:/home/a/ws_moveit2/install/dynamixel_controller_gui:/home/a/ws_moveit2/install/dynamixel_controller_client:/opt/ros/humble /usr/bin/cmake --build /home/a/ws_moveit2/build/trac_ik_lib -- -j22 -l22
