-- Found ament_cmake: 1.3.12 (/opt/ros/humble/share/ament_cmake/cmake)
-- Found rclcpp: 16.0.14 (/opt/ros/humble/share/rclcpp/cmake)
-- Found rosidl_generator_c: 3.1.7 (/opt/ros/humble/share/rosidl_generator_c/cmake)
-- Found rosidl_adapter: 3.1.7 (/opt/ros/humble/share/rosidl_adapter/cmake)
-- Found rosidl_generator_cpp: 3.1.7 (/opt/ros/humble/share/rosidl_generator_cpp/cmake)
-- Using all available rosidl_typesupport_c: rosidl_typesupport_fastrtps_c;rosidl_typesupport_introspection_c
-- Using all available rosidl_typesupport_cpp: rosidl_typesupport_fastrtps_cpp;rosidl_typesupport_introspection_cpp
-- Found rmw_implementation_cmake: 6.1.2 (/opt/ros/humble/share/rmw_implementation_cmake/cmake)
-- Found rmw_fastrtps_cpp: 6.2.8 (/opt/ros/humble/share/rmw_fastrtps_cpp/cmake)
-- Using RMW implementation 'rmw_fastrtps_cpp' as default
-- Found rclcpp_action: 16.0.14 (/opt/ros/humble/share/rclcpp_action/cmake)
-- Found moveit_servo: 2.5.9 (/home/a/ws_moveit2/install/moveit_servo/share/moveit_servo/cmake)
-- Found Boost: /usr/lib/x86_64-linux-gnu/cmake/Boost-1.74.0/BoostConfig.cmake (found version "1.74.0") found components: chrono date_time filesystem iostreams program_options regex serialization system thread 
-- Found Boost: /usr/lib/x86_64-linux-gnu/cmake/Boost-1.74.0/BoostConfig.cmake (found version "1.74.0") found components: filesystem 
-- library: /usr/lib/x86_64-linux-gnu/libcurl.so
-- Ensuring Eigen3 include directory is part of orocos-kdl CMake target
-- Found Boost: /usr/lib/x86_64-linux-gnu/cmake/Boost-1.74.0/BoostConfig.cmake (found version "1.74.0") found components: system filesystem date_time program_options thread chrono 
-- Found moveit_ros_planning_interface: 2.5.9 (/home/a/ws_moveit2/install/moveit_ros_planning_interface/share/moveit_ros_planning_interface/cmake)
-- Found Boost: /usr/lib/x86_64-linux-gnu/cmake/Boost-1.74.0/BoostConfig.cmake (found version "1.74.0") found components: date_time filesystem program_options system thread 
-- Found Boost: /usr/lib/x86_64-linux-gnu/cmake/Boost-1.74.0/BoostConfig.cmake (found version "1.74.0") found components: thread system filesystem regex date_time program_options 
-- Found Boost: /usr/lib/x86_64-linux-gnu/cmake/Boost-1.74.0/BoostConfig.cmake (found version "1.74.0") found components: system filesystem date_time program_options thread 
-- Configuring done
-- Generating done
-- Build files have been written to: /home/a/ws_moveit2/build/robot_config
[35m[1mConsolidate compiler generated dependencies of target joystick_servo[0m
[35m[1mConsolidate compiler generated dependencies of target move_to_pose_dual_cpp[0m
[35m[1mConsolidate compiler generated dependencies of target pose_command_publisher[0m
[ 10%] [32mBuilding CXX object CMakeFiles/dual_arm_realtime_control.dir/src/dual_arm_realtime_control.cpp.o[0m
[ 30%] Built target joystick_servo
[ 40%] [32mBuilding CXX object CMakeFiles/dual_arm_cartesian_control.dir/src/dual_arm_cartesian_control.cpp.o[0m
[ 60%] Built target pose_command_publisher
[ 80%] Built target move_to_pose_dual_cpp
[01m[K/home/a/ws_moveit2/src/robot_config/src/dual_arm_realtime_control.cpp:3:10:[m[K [01;31m[Kfatal error: [m[Kmoveit/move_group_interface/move_group_interface.hpp: No such file or directory
    3 | #include [01;31m[K<moveit/move_group_interface/move_group_interface.hpp>[m[K
      |          [01;31m[K^~~~~~~~~~~~~~~~~~~~~~~~~~~~~~~~~~~~~~~~~~~~~~~~~~~~~~[m[K
compilation terminated.
gmake[2]: *** [CMakeFiles/dual_arm_realtime_control.dir/build.make:76: CMakeFiles/dual_arm_realtime_control.dir/src/dual_arm_realtime_control.cpp.o] Error 1
gmake[1]: *** [CMakeFiles/Makefile2:223: CMakeFiles/dual_arm_realtime_control.dir/all] Error 2
gmake[1]: *** Waiting for unfinished jobs....
[01m[K/home/a/ws_moveit2/src/robot_config/src/dual_arm_cartesian_control.cpp:3:10:[m[K [01;31m[Kfatal error: [m[Kmoveit/move_group_interface/move_group_interface.hpp: No such file or directory
    3 | #include [01;31m[K<moveit/move_group_interface/move_group_interface.hpp>[m[K
      |          [01;31m[K^~~~~~~~~~~~~~~~~~~~~~~~~~~~~~~~~~~~~~~~~~~~~~~~~~~~~~[m[K
compilation terminated.
gmake[2]: *** [CMakeFiles/dual_arm_cartesian_control.dir/build.make:76: CMakeFiles/dual_arm_cartesian_control.dir/src/dual_arm_cartesian_control.cpp.o] Error 1
gmake[1]: *** [CMakeFiles/Makefile2:249: CMakeFiles/dual_arm_cartesian_control.dir/all] Error 2
gmake: *** [Makefile:146: all] Error 2
