[0.204s] Invoking command in '/home/a/ws_moveit2/build/com': /usr/bin/cmake /home/a/ws_moveit2/src/catch_unity/Library/PackageCache/com.unity.ide.visualstudio@2.0.22/Editor/COMIntegration/COMIntegration~ -DCMAKE_INSTALL_PREFIX=/home/a/ws_moveit2/install/com
[0.964s] -- The C compiler identification is GNU 11.4.0
[0.964s] -- The CXX compiler identification is GNU 11.4.0
[0.964s] -- Detecting C compiler ABI info
[0.964s] -- Detecting C compiler ABI info - done
[0.964s] -- Check for working C compiler: /usr/bin/cc - skipped
[0.964s] -- Detecting C compile features
[0.964s] -- Detecting C compile features - done
[0.964s] -- Detecting CXX compiler ABI info
[0.964s] -- Detecting CXX compiler ABI info - done
[0.965s] -- Check for working CXX compiler: /usr/bin/c++ - skipped
[0.965s] -- Detecting CXX compile features
[0.965s] -- Detecting CXX compile features - done
[0.965s] -- Configuring done
[0.965s] -- Generating done
[0.965s] -- Build files have been written to: /home/a/ws_moveit2/build/com
[0.992s] Invoked command in '/home/a/ws_moveit2/build/com' returned '0': /usr/bin/cmake /home/a/ws_moveit2/src/catch_unity/Library/PackageCache/com.unity.ide.visualstudio@2.0.22/Editor/COMIntegration/COMIntegration~ -DCMAKE_INSTALL_PREFIX=/home/a/ws_moveit2/install/com
[0.993s] Invoking command in '/home/a/ws_moveit2/build/com': /usr/bin/cmake --build /home/a/ws_moveit2/build/com -- -j22 -l22
[1.134s] [ 50%] [32mBuilding CXX object CMakeFiles/COMIntegration.dir/COMIntegration.cpp.o[0m
[1.139s] [01m[K/home/a/ws_moveit2/src/catch_unity/Library/PackageCache/com.unity.ide.visualstudio@2.0.22/Editor/COMIntegration/COMIntegration~/COMIntegration.cpp:11:10:[m[K [01;31m[Kfatal error: [m[Kwindows.h: No such file or directory
[1.140s]    11 | #include [01;31m[K<windows.h>[m[K
[1.140s]       |          [01;31m[K^~~~~~~~~~~[m[K
[1.140s] compilation terminated.
[1.141s] gmake[2]: *** [CMakeFiles/COMIntegration.dir/build.make:76: CMakeFiles/COMIntegration.dir/COMIntegration.cpp.o] Error 1
[1.142s] gmake[1]: *** [CMakeFiles/Makefile2:83: CMakeFiles/COMIntegration.dir/all] Error 2
[1.142s] gmake: *** [Makefile:91: all] Error 2
