[0.159s] Invoking command in '/home/a/ws_moveit2/build/rosparam_shortcuts': CMAKE_PREFIX_PATH=${CMAKE_PREFIX_PATH}:/home/a/ws_moveit2/install/moveit_configs_utils:/home/a/ws_moveit2/install/launch_param_builder:/opt/ros/humble /opt/st/stm32cubeclt_1.17.0/CMake/bin/cmake /home/a/ws_moveit2/src/rosparam_shortcuts -DCMAKE_INSTALL_PREFIX=/home/a/ws_moveit2/install/rosparam_shortcuts
[0.350s] -- Found ament_cmake: 1.3.11 (/opt/ros/humble/share/ament_cmake/cmake)
[2.841s] -- Override CMake install command with custom implementation using symlinks instead of copying resources
[2.959s] -- Found eigen3_cmake_module: 0.1.1 (/opt/ros/humble/share/eigen3_cmake_module/cmake)
[2.976s] -- Found geometry_msgs: 4.8.0 (/opt/ros/humble/share/geometry_msgs/cmake)
[3.311s] -- Found rosidl_generator_c: 3.1.6 (/opt/ros/humble/share/rosidl_generator_c/cmake)
[3.361s] -- Found rosidl_adapter: 3.1.6 (/opt/ros/humble/share/rosidl_adapter/cmake)
[3.476s] -- Found rosidl_generator_cpp: 3.1.6 (/opt/ros/humble/share/rosidl_generator_cpp/cmake)
[3.661s] -- Using all available rosidl_typesupport_c: rosidl_typesupport_fastrtps_c;rosidl_typesupport_introspection_c
[4.039s] -- Using all available rosidl_typesupport_cpp: rosidl_typesupport_fastrtps_cpp;rosidl_typesupport_introspection_cpp
[4.880s] -- Found rclcpp: 16.0.12 (/opt/ros/humble/share/rclcpp/cmake)
[5.413s] -- Found rmw_implementation_cmake: 6.1.2 (/opt/ros/humble/share/rmw_implementation_cmake/cmake)
[5.468s] -- Found rmw_fastrtps_cpp: 6.2.7 (/opt/ros/humble/share/rmw_fastrtps_cpp/cmake)
[7.066s] -- Using RMW implementation 'rmw_fastrtps_cpp' as default
[7.657s] -- Found tf2_eigen: 0.25.12 (/opt/ros/humble/share/tf2_eigen/cmake)
[9.584s] -- Found ament_lint_auto: 0.12.12 (/opt/ros/humble/share/ament_lint_auto/cmake)
[9.584s] -- Found ament_cmake_gtest: 1.3.11 (/opt/ros/humble/share/ament_cmake_gtest/cmake)
[9.622s] -- Found ros_testing: 0.4.0 (/opt/ros/humble/share/ros_testing/cmake)
[9.629s] -- Found launch_testing_ament_cmake: 1.0.8 (/opt/ros/humble/share/launch_testing_ament_cmake/cmake)
[9.650s] -- Found python_cmake_module: 0.10.0 (/opt/ros/humble/share/python_cmake_module/cmake)
[9.651s] [33mCMake Warning (dev) at /opt/ros/humble/share/python_cmake_module/cmake/Modules/FindPythonExtra.cmake:52 (find_package):
[9.651s]   Policy CMP0148 is not set: The FindPythonInterp and FindPythonLibs modules
[9.652s]   are removed.  Run "cmake --help-policy CMP0148" for policy details.  Use
[9.652s]   the cmake_policy command to set the policy and suppress this warning.
[9.653s] 
[9.659s] Call Stack (most recent call first):
[9.660s]   /opt/ros/humble/share/launch_testing_ament_cmake/cmake/launch_testing_ament_cmake-extras.cmake:18 (find_package)
[9.660s]   /opt/ros/humble/share/launch_testing_ament_cmake/cmake/launch_testing_ament_cmakeConfig.cmake:41 (include)
[9.661s]   /opt/ros/humble/share/ros_testing/cmake/ros_testing-extras.cmake:15 (find_package)
[9.661s]   /opt/ros/humble/share/ros_testing/cmake/ros_testingConfig.cmake:41 (include)
[9.661s]   CMakeLists.txt:97 (find_package)
[9.676s] This warning is for project developers.  Use -Wno-dev to suppress it.
[9.677s] [0m
[9.825s] [33mCMake Warning (dev) at /opt/ros/humble/share/python_cmake_module/cmake/Modules/FindPythonExtra.cmake:140 (find_package):
[9.825s]   Policy CMP0148 is not set: The FindPythonInterp and FindPythonLibs modules
[9.826s]   are removed.  Run "cmake --help-policy CMP0148" for policy details.  Use
[9.833s]   the cmake_policy command to set the policy and suppress this warning.
[9.834s] 
[9.834s] Call Stack (most recent call first):
[9.834s]   /opt/ros/humble/share/launch_testing_ament_cmake/cmake/launch_testing_ament_cmake-extras.cmake:18 (find_package)
[9.835s]   /opt/ros/humble/share/launch_testing_ament_cmake/cmake/launch_testing_ament_cmakeConfig.cmake:41 (include)
[9.835s]   /opt/ros/humble/share/ros_testing/cmake/ros_testing-extras.cmake:15 (find_package)
[9.840s]   /opt/ros/humble/share/ros_testing/cmake/ros_testingConfig.cmake:41 (include)
[9.841s]   CMakeLists.txt:97 (find_package)
[9.841s] This warning is for project developers.  Use -Wno-dev to suppress it.
[9.845s] [0m
[9.846s] -- Using PYTHON_EXECUTABLE: /usr/bin/python3
[9.846s] -- Using PYTHON_INCLUDE_DIRS: /usr/include/python3.10
[9.847s] -- Using PYTHON_LIBRARIES: /usr/lib/x86_64-linux-gnu/libpython3.10.so
[10.584s] -- Found gtest sources under '/opt/ros/humble/src/gtest_vendor': C++ tests using 'Google Test' will be built
[10.859s] -- Added test 'copyright' to check source files copyright and LICENSE
[10.912s] -- Added test 'lint_cmake' to check CMake code style
[10.923s] -- Added test 'pep257' to check Python code against some of the docstring style conventions in PEP 257
[10.932s] -- Added test 'xmllint' to check XML markup files
[10.966s] -- Configuring done (10.7s)
[11.518s] -- Generating done (0.5s)
[11.623s] -- Build files have been written to: /home/a/ws_moveit2/build/rosparam_shortcuts
[11.696s] Invoked command in '/home/a/ws_moveit2/build/rosparam_shortcuts' returned '0': CMAKE_PREFIX_PATH=${CMAKE_PREFIX_PATH}:/home/a/ws_moveit2/install/moveit_configs_utils:/home/a/ws_moveit2/install/launch_param_builder:/opt/ros/humble /opt/st/stm32cubeclt_1.17.0/CMake/bin/cmake /home/a/ws_moveit2/src/rosparam_shortcuts -DCMAKE_INSTALL_PREFIX=/home/a/ws_moveit2/install/rosparam_shortcuts
[11.706s] Invoking command in '/home/a/ws_moveit2/build/rosparam_shortcuts': CMAKE_PREFIX_PATH=${CMAKE_PREFIX_PATH}:/home/a/ws_moveit2/install/moveit_configs_utils:/home/a/ws_moveit2/install/launch_param_builder:/opt/ros/humble /opt/st/stm32cubeclt_1.17.0/CMake/bin/cmake --build /home/a/ws_moveit2/build/rosparam_shortcuts -- -j4 -l4
[12.197s] [  7%] [32mBuilding CXX object CMakeFiles/rosparam_shortcuts.dir/src/node_parameters.cpp.o[0m
[48.481s] [ 15%] [32mBuilding CXX object CMakeFiles/rosparam_shortcuts.dir/src/rosparam_shortcuts.cpp.o[0m
[123.671s] [ 23%] [32m[1mLinking CXX shared library librosparam_shortcuts.so[0m
[125.331s] [ 23%] Built target rosparam_shortcuts
[125.513s] [ 30%] [32mBuilding CXX object gtest/CMakeFiles/gtest.dir/src/gtest-all.cc.o[0m
[157.317s] [ 38%] [32m[1mLinking CXX static library libgtest.a[0m
[157.939s] [ 38%] Built target gtest
[158.324s] [ 46%] [32mBuilding CXX object CMakeFiles/rosparam_shortcuts_node_parameters_example.dir/src/node_parameters_example.cpp.o[0m
[189.875s] gmake[2]: *** [CMakeFiles/rosparam_shortcuts_node_parameters_example.dir/build.make:76: CMakeFiles/rosparam_shortcuts_node_parameters_example.dir/src/node_parameters_example.cpp.o] Ââ≤„ÇäËæº„Åø
[189.879s] gmake[1]: *** wait: Â≠ê„Éó„É≠„Çª„Çπ„Åå„ÅÇ„Çä„Åæ„Åõ„Çì.  ‰∏≠Ê≠¢.
[189.879s] gmake[1]: *** Êú™ÂÆå‰∫Ü„ÅÆ„Ç∏„Éß„Éñ„ÇíÂæÖ„Å£„Å¶„ÅÑ„Åæ„Åô....
[189.883s] gmake[1]: *** wait: Â≠ê„Éó„É≠„Çª„Çπ„Åå„ÅÇ„Çä„Åæ„Åõ„Çì.  ‰∏≠Ê≠¢.
[189.884s] gmake: *** [Makefile:146: all] „Ç®„É©„Éº 2
