-- Found moveit_common: 2.5.9 (/home/a/ws_moveit2/install/moveit_common/share/moveit_common/cmake)
-- Found ament_cmake: 1.3.12 (/opt/ros/humble/share/ament_cmake/cmake)
-- Found moveit_msgs: 2.2.1 (/opt/ros/humble/share/moveit_msgs/cmake)
-- Found rosidl_generator_c: 3.1.7 (/opt/ros/humble/share/rosidl_generator_c/cmake)
-- Found rosidl_adapter: 3.1.7 (/opt/ros/humble/share/rosidl_adapter/cmake)
-- Found rosidl_generator_cpp: 3.1.7 (/opt/ros/humble/share/rosidl_generator_cpp/cmake)
-- Using all available rosidl_typesupport_c: rosidl_typesupport_fastrtps_c;rosidl_typesupport_introspection_c
-- Using all available rosidl_typesupport_cpp: rosidl_typesupport_fastrtps_cpp;rosidl_typesupport_introspection_cpp
-- Found pluginlib: 5.1.0 (/opt/ros/humble/share/pluginlib/cmake)
-- Found rclcpp: 16.0.14 (/opt/ros/humble/share/rclcpp/cmake)
-- Found rmw_implementation_cmake: 6.1.2 (/opt/ros/humble/share/rmw_implementation_cmake/cmake)
-- Found rmw_fastrtps_cpp: 6.2.8 (/opt/ros/humble/share/rmw_fastrtps_cpp/cmake)
-- Found TinyXML2 via Config file: TinyXML2_DIR-NOTFOUND
-- Found TinyXML2 via Config file: TinyXML2_DIR-NOTFOUND
-- Found TinyXML2 via Config file: TinyXML2_DIR-NOTFOUND
-- Found TinyXML2 via Config file: TinyXML2_DIR-NOTFOUND
-- Using RMW implementation 'rmw_fastrtps_cpp' as default
-- Found message_filters: 4.3.8 (/opt/ros/humble/share/message_filters/cmake)
-- Found srdfdom: 2.0.7 (/home/a/ws_moveit2/install/srdfdom/share/srdfdom/cmake)
-- Found tf2: 0.25.16 (/opt/ros/humble/share/tf2/cmake)
-- Found tf2_geometry_msgs: 0.25.16 (/opt/ros/humble/share/tf2_geometry_msgs/cmake)
-- Found eigen3_cmake_module: 0.1.1 (/opt/ros/humble/share/eigen3_cmake_module/cmake)
-- Ensuring Eigen3 include directory is part of orocos-kdl CMake target
-- Found tf2_eigen: 0.25.16 (/opt/ros/humble/share/tf2_eigen/cmake)
-- Found moveit_core: 2.5.9 (/home/a/ws_moveit2/install/moveit_core/share/moveit_core/cmake)
-- Found Boost: /usr/lib/x86_64-linux-gnu/cmake/Boost-1.74.0/BoostConfig.cmake (found version "1.74.0") found components: chrono date_time filesystem iostreams program_options regex serialization system thread 
-- Found parameter_traits: 0.5.0 (/opt/ros/humble/share/parameter_traits/cmake)
-- Found rclcpp_lifecycle: 16.0.14 (/opt/ros/humble/share/rclcpp_lifecycle/cmake)
-- Found Boost: /usr/lib/x86_64-linux-gnu/cmake/Boost-1.74.0/BoostConfig.cmake (found version "1.74.0") found components: filesystem 
-- library: /usr/lib/x86_64-linux-gnu/libcurl.so
-- Found moveit_ros_occupancy_map_monitor: 2.5.9 (/home/a/ws_moveit2/install/moveit_ros_occupancy_map_monitor/share/moveit_ros_occupancy_map_monitor/cmake)
-- Found Boost: /usr/lib/x86_64-linux-gnu/cmake/Boost-1.74.0/BoostConfig.cmake (found version "1.74.0") found components: system filesystem date_time program_options thread chrono 
-- Found ament_cmake_gtest: 1.3.12 (/opt/ros/humble/share/ament_cmake_gtest/cmake)
-- Found ament_cmake_gmock: 1.3.12 (/opt/ros/humble/share/ament_cmake_gmock/cmake)
-- Found ros_testing: 0.4.0 (/opt/ros/humble/share/ros_testing/cmake)
-- Found launch_testing_ament_cmake: 1.0.10 (/opt/ros/humble/share/launch_testing_ament_cmake/cmake)
-- Found python_cmake_module: 0.10.0 (/opt/ros/humble/share/python_cmake_module/cmake)
-- Using PYTHON_EXECUTABLE: /usr/bin/python3
-- Using PYTHON_INCLUDE_DIRS: /usr/include/python3.10
-- Using PYTHON_LIBRARIES: /usr/lib/x86_64-linux-gnu/libpython3.10.so
-- Found gmock sources under '/opt/ros/humble/src/gmock_vendor': C++ tests using 'Google Mock' will be built
-- Found gtest sources under '/opt/ros/humble/src/gtest_vendor': C++ tests using 'Google Test' will be built
-- Found ament_lint_auto: 0.12.14 (/opt/ros/humble/share/ament_lint_auto/cmake)
-- Found launch_testing_ament_cmake: 1.0.10 (/opt/ros/humble/share/launch_testing_ament_cmake/cmake)
-- Found python_cmake_module: 0.10.0 (/opt/ros/humble/share/python_cmake_module/cmake)
-- Using PYTHON_EXECUTABLE: /usr/bin/python3
-- Using PYTHON_INCLUDE_DIRS: /usr/include/python3.10
-- Using PYTHON_LIBRARIES: /usr/lib/x86_64-linux-gnu/libpython3.10.so
-- Added test 'cppcheck' to perform static code analysis on C / C++ code
-- Configured cppcheck include dirs: /home/a/ws_moveit2/src/moveit2/moveit_ros/planning/rdf_loader/include;/home/a/ws_moveit2/src/moveit2/moveit_ros/planning/kinematics_plugin_loader/include;/home/a/ws_moveit2/src/moveit2/moveit_ros/planning/robot_model_loader/include;/home/a/ws_moveit2/src/moveit2/moveit_ros/planning/constraint_sampler_manager_loader/include;/home/a/ws_moveit2/src/moveit2/moveit_ros/planning/planning_pipeline/include;/home/a/ws_moveit2/src/moveit2/moveit_ros/planning/planning_scene_monitor/include;/home/a/ws_moveit2/src/moveit2/moveit_ros/planning/trajectory_execution_manager/include;/home/a/ws_moveit2/src/moveit2/moveit_ros/planning/plan_execution/include;/home/a/ws_moveit2/src/moveit2/moveit_ros/planning/collision_plugin_loader/include;/home/a/ws_moveit2/src/moveit2/moveit_ros/planning/moveit_cpp/include
-- Configured cppcheck exclude dirs and/or files: 
-- Added test 'lint_cmake' to check CMake code style
-- Added test 'pep257' to check Python code against some of the docstring style conventions in PEP 257
-- Added test 'xmllint' to check XML markup files
-- Configuring done
-- Generating done
-- Build files have been written to: /home/a/ws_moveit2/build/moveit_ros_planning
[35m[1mConsolidate compiler generated dependencies of target gtest_main[0m
[35m[1mConsolidate compiler generated dependencies of target gmock_main[0m
[35m[1mConsolidate compiler generated dependencies of target gtest[0m
[35m[1mConsolidate compiler generated dependencies of target moveit_list_request_adapter_plugins[0m
[35m[1mConsolidate compiler generated dependencies of target moveit_collision_plugin_loader[0m
[35m[1mConsolidate compiler generated dependencies of target gmock[0m
[35m[1mConsolidate compiler generated dependencies of target moveit_planning_pipeline[0m
[35m[1mConsolidate compiler generated dependencies of target moveit_rdf_loader[0m
[  5%] Built target gtest_main
[  5%] Built target gtest
[ 11%] Built target gmock_main
[ 11%] [32m[1mLinking CXX shared library libmoveit_collision_plugin_loader.so[0m
[ 11%] [32m[1mLinking CXX executable moveit_list_request_adapter_plugins[0m
[ 16%] Built target gmock
[35m[1mConsolidate compiler generated dependencies of target moveit_default_planning_request_adapter_plugins[0m
[ 17%] [32m[1mLinking CXX shared library libmoveit_planning_pipeline.so[0m
[ 19%] [32m[1mLinking CXX shared library libmoveit_rdf_loader.so[0m
[ 20%] [32m[1mLinking CXX shared library libmoveit_default_planning_request_adapter_plugins.so[0m
[ 22%] Built target moveit_list_request_adapter_plugins
[ 23%] Built target moveit_collision_plugin_loader
[ 25%] Built target moveit_planning_pipeline
[ 27%] Built target moveit_rdf_loader
[35m[1mConsolidate compiler generated dependencies of target moveit_constraint_sampler_manager_loader[0m
[35m[1mConsolidate compiler generated dependencies of target moveit_kinematics_plugin_loader[0m
[ 42%] Built target moveit_default_planning_request_adapter_plugins
[ 44%] [32m[1mLinking CXX shared library libmoveit_constraint_sampler_manager_loader.so[0m
[ 45%] [32m[1mLinking CXX shared library libmoveit_kinematics_plugin_loader.so[0m
[ 47%] Built target moveit_kinematics_plugin_loader
[35m[1mConsolidate compiler generated dependencies of target moveit_robot_model_loader[0m
[ 48%] [32m[1mLinking CXX shared library libmoveit_robot_model_loader.so[0m
[ 50%] Built target moveit_constraint_sampler_manager_loader
[ 51%] Built target moveit_robot_model_loader
[35m[1mConsolidate compiler generated dependencies of target moveit_print_planning_model_info[0m
[35m[1mConsolidate compiler generated dependencies of target moveit_planning_scene_monitor[0m
[ 52%] [32m[1mLinking CXX executable moveit_print_planning_model_info[0m
[ 54%] [32m[1mLinking CXX shared library libmoveit_planning_scene_monitor.so[0m
[ 55%] Built target moveit_print_planning_model_info
[ 63%] Built target moveit_planning_scene_monitor
[ 64%] [32mBuilding CXX object trajectory_execution_manager/CMakeFiles/moveit_trajectory_execution_manager.dir/src/trajectory_execution_manager.cpp.o[0m
[ 66%] [32mBuilding CXX object planning_components_tools/CMakeFiles/moveit_display_random_state.dir/src/display_random_state.cpp.o[0m
[ 67%] [32mBuilding CXX object planning_components_tools/CMakeFiles/moveit_print_planning_scene_info.dir/src/print_planning_scene_info.cpp.o[0m
[ 69%] [32mBuilding CXX object planning_scene_monitor/CMakeFiles/planning_scene_monitor_test.dir/test/planning_scene_monitor_test.cpp.o[0m
[ 70%] [32mBuilding CXX object planning_components_tools/CMakeFiles/moveit_visualize_robot_collision_volume.dir/src/visualize_robot_collision_volume.cpp.o[0m
[ 72%] [32mBuilding CXX object planning_scene_monitor/CMakeFiles/current_state_monitor_tests.dir/test/current_state_monitor_tests.cpp.o[0m
[ 73%] [32mBuilding CXX object planning_components_tools/CMakeFiles/moveit_publish_scene_from_text.dir/src/publish_scene_from_text.cpp.o[0m
[ 75%] [32mBuilding CXX object planning_components_tools/CMakeFiles/moveit_evaluate_collision_checking_speed.dir/src/evaluate_collision_checking_speed.cpp.o[0m
[ 76%] [32mBuilding CXX object planning_scene_monitor/CMakeFiles/demo_scene.dir/demos/demo_scene.cpp.o[0m
[ 77%] [32mBuilding CXX object planning_scene_monitor/CMakeFiles/trajectory_monitor_tests.dir/test/trajectory_monitor_tests.cpp.o[0m
gmake[2]: *** [planning_scene_monitor/CMakeFiles/planning_scene_monitor_test.dir/build.make:76: planning_scene_monitor/CMakeFiles/planning_scene_monitor_test.dir/test/planning_scene_monitor_test.cpp.o] Interrupt
gmake[2]: *** [planning_scene_monitor/CMakeFiles/trajectory_monitor_tests.dir/build.make:76: planning_scene_monitor/CMakeFiles/trajectory_monitor_tests.dir/test/trajectory_monitor_tests.cpp.o] Interrupt
gmake[2]: *** [planning_components_tools/CMakeFiles/moveit_publish_scene_from_text.dir/build.make:76: planning_components_tools/CMakeFiles/moveit_publish_scene_from_text.dir/src/publish_scene_from_text.cpp.o] Interrupt
gmake[2]: *** [planning_components_tools/CMakeFiles/moveit_evaluate_collision_checking_speed.dir/build.make:76: planning_components_tools/CMakeFiles/moveit_evaluate_collision_checking_speed.dir/src/evaluate_collision_checking_speed.cpp.o] Interrupt
gmake[2]: *** [planning_components_tools/CMakeFiles/moveit_visualize_robot_collision_volume.dir/build.make:76: planning_components_tools/CMakeFiles/moveit_visualize_robot_collision_volume.dir/src/visualize_robot_collision_volume.cpp.o] Interrupt
gmake[2]: *** [planning_scene_monitor/CMakeFiles/demo_scene.dir/build.make:76: planning_scene_monitor/CMakeFiles/demo_scene.dir/demos/demo_scene.cpp.o] Interrupt
gmake[1]: *** [CMakeFiles/Makefile2:713: planning_scene_monitor/CMakeFiles/trajectory_monitor_tests.dir/all] Interrupt
gmake[1]: *** [CMakeFiles/Makefile2:745: planning_scene_monitor/CMakeFiles/planning_scene_monitor_test.dir/all] Interrupt
gmake[2]: *** [planning_scene_monitor/CMakeFiles/current_state_monitor_tests.dir/build.make:76: planning_scene_monitor/CMakeFiles/current_state_monitor_tests.dir/test/current_state_monitor_tests.cpp.o] Interrupt
gmake[1]: *** [CMakeFiles/Makefile2:997: planning_components_tools/CMakeFiles/moveit_evaluate_collision_checking_speed.dir/all] Interrupt
gmake[2]: *** [trajectory_execution_manager/CMakeFiles/moveit_trajectory_execution_manager.dir/build.make:76: trajectory_execution_manager/CMakeFiles/moveit_trajectory_execution_manager.dir/src/trajectory_execution_manager.cpp.o] Interrupt
gmake[1]: *** [CMakeFiles/Makefile2:1057: trajectory_execution_manager/CMakeFiles/moveit_trajectory_execution_manager.dir/all] Interrupt
gmake[2]: *** [planning_components_tools/CMakeFiles/moveit_print_planning_scene_info.dir/build.make:76: planning_components_tools/CMakeFiles/moveit_print_planning_scene_info.dir/src/print_planning_scene_info.cpp.o] Interrupt
gmake[2]: *** [planning_components_tools/CMakeFiles/moveit_display_random_state.dir/build.make:76: planning_components_tools/CMakeFiles/moveit_display_random_state.dir/src/display_random_state.cpp.o] Interrupt
gmake[1]: *** [CMakeFiles/Makefile2:681: planning_scene_monitor/CMakeFiles/current_state_monitor_tests.dir/all] Interrupt
gmake[1]: *** [CMakeFiles/Makefile2:967: planning_components_tools/CMakeFiles/moveit_visualize_robot_collision_volume.dir/all] Interrupt
gmake[1]: *** [CMakeFiles/Makefile2:649: planning_scene_monitor/CMakeFiles/demo_scene.dir/all] Interrupt
gmake[1]: *** [CMakeFiles/Makefile2:1027: planning_components_tools/CMakeFiles/moveit_publish_scene_from_text.dir/all] Interrupt
gmake[1]: *** [CMakeFiles/Makefile2:907: planning_components_tools/CMakeFiles/moveit_print_planning_scene_info.dir/all] Interrupt
gmake[1]: *** [CMakeFiles/Makefile2:937: planning_components_tools/CMakeFiles/moveit_display_random_state.dir/all] Interrupt
gmake: *** [Makefile:146: all] Interrupt
