[35m[1mConsolidate compiler generated dependencies of target move_to_pose_dual_cpp[0m
[ 16%] [32mBuilding CXX object CMakeFiles/pose_command_publisher.dir/src/pose_command_publisher.cpp.o[0m
[ 50%] Built target dual_arm_servo_controller
[ 66%] [32mBuilding CXX object CMakeFiles/move_to_pose_dual_cpp.dir/src/move_to_pose_dual_cpp.cpp.o[0m
[01m[K/home/a/ws_moveit2/src/robot_config/src/move_to_pose_dual_cpp.cpp:[m[K In constructor â€˜[01m[KMoveToPoseDualCpp::MoveToPoseDualCpp()[m[Kâ€™:
[01m[K/home/a/ws_moveit2/src/robot_config/src/move_to_pose_dual_cpp.cpp:35:9:[m[K [01;31m[Kerror: [m[Kâ€˜[01m[Kdual_rpy_sub_[m[Kâ€™ was not declared in this scope; did you mean â€˜[01m[Kleft_rpy_sub_[m[Kâ€™?
   35 |         [01;31m[Kdual_rpy_sub_[m[K = this->create_subscription<std_msgs::msg::Float64MultiArray>(
      |         [01;31m[K^~~~~~~~~~~~~[m[K
      |         [32m[Kleft_rpy_sub_[m[K
[ 83%] [32m[1mLinking CXX executable pose_command_publisher[0m
[ 83%] Built target pose_command_publisher
gmake[2]: *** [CMakeFiles/move_to_pose_dual_cpp.dir/build.make:76: CMakeFiles/move_to_pose_dual_cpp.dir/src/move_to_pose_dual_cpp.cpp.o] Error 1
gmake[1]: *** [CMakeFiles/Makefile2:141: CMakeFiles/move_to_pose_dual_cpp.dir/all] Error 2
gmake: *** [Makefile:146: all] Error 2
