[35m[1mConsolidate compiler generated dependencies of target move_to_pose_dual_cpp[0m
[ 28%] Built target dual_arm_servo_controller
[ 28%] Built target joystick_servo
[ 42%] Built target dual_arm_cartesian_control
[ 57%] Built target simple_dual_arm_control
[ 78%] Built target pose_command_publisher
[ 85%] Built target dual_arm_realtime_control
[ 92%] [32mBuilding CXX object CMakeFiles/move_to_pose_dual_cpp.dir/src/move_to_pose_dual_cpp.cpp.o[0m
[01m[K/home/a/ws_moveit2/src/robot_config/src/move_to_pose_dual_cpp.cpp:[m[K In member function â€˜[01m[Kvoid MoveToPoseDualCpp::move_arm_z(const string&, double)[m[Kâ€™:
[01m[K/home/a/ws_moveit2/src/robot_config/src/move_to_pose_dual_cpp.cpp:540:13:[m[K [01;31m[Kerror: [m[Kâ€˜[01m[Kcurrent_pose[m[Kâ€™ was not declared in this scope; did you mean â€˜[01m[Kcurrent_pose_rpy[m[Kâ€™?
  540 |             [01;31m[Kcurrent_pose[m[K = move_group_interface->getCurrentPose();
      |             [01;31m[K^~~~~~~~~~~~[m[K
      |             [32m[Kcurrent_pose_rpy[m[K
[01m[K/home/a/ws_moveit2/src/robot_config/src/move_to_pose_dual_cpp.cpp:543:13:[m[K [01;31m[Kerror: [m[Kâ€˜[01m[Kcurrent_pose[m[Kâ€™ was not declared in this scope; did you mean â€˜[01m[Kcurrent_pose_rpy[m[Kâ€™?
  543 |             [01;31m[Kcurrent_pose[m[K = move_group_interface->getCurrentPose();
      |             [01;31m[K^~~~~~~~~~~~[m[K
      |             [32m[Kcurrent_pose_rpy[m[K
[01m[K/home/a/ws_moveit2/src/robot_config/src/move_to_pose_dual_cpp.cpp:558:39:[m[K [01;31m[Kerror: [m[Kâ€˜[01m[Kcurrent_pose[m[Kâ€™ was not declared in this scope; did you mean â€˜[01m[Ktarget_pose[m[Kâ€™?
  558 |         target_pose.pose.position.x = [01;31m[Kcurrent_pose[m[K.pose.position.x;
      |                                       [01;31m[K^~~~~~~~~~~~[m[K
      |                                       [32m[Ktarget_pose[m[K
gmake[2]: *** [CMakeFiles/move_to_pose_dual_cpp.dir/build.make:76: CMakeFiles/move_to_pose_dual_cpp.dir/src/move_to_pose_dual_cpp.cpp.o] Error 1
gmake[1]: *** [CMakeFiles/Makefile2:175: CMakeFiles/move_to_pose_dual_cpp.dir/all] Error 2
gmake: *** [Makefile:146: all] Error 2
