[  1%] [32mBuilding CXX object exceptions/CMakeFiles/moveit_exceptions.dir/src/exceptions.cpp.o[0m
[  2%] [32mBuilding CXX object transforms/CMakeFiles/moveit_transforms.dir/src/transforms.cpp.o[0m
[  2%] [32m[1mLinking CXX shared library libmoveit_exceptions.so[0m
[  2%] Built target moveit_exceptions
[  2%] [32m[1mLinking CXX shared library libmoveit_transforms.so[0m
[  2%] Built target moveit_transforms
[  3%] [32mBuilding CXX object utils/CMakeFiles/moveit_utils.dir/src/lexical_casts.cpp.o[0m
[  3%] [32mBuilding CXX object utils/CMakeFiles/moveit_utils.dir/src/message_checks.cpp.o[0m
[  4%] [32mBuilding CXX object utils/CMakeFiles/moveit_utils.dir/src/rclcpp_utils.cpp.o[0m
[  5%] [32m[1mLinking CXX shared library libmoveit_utils.so[0m
[  5%] Built target moveit_utils
[  5%] [32mBuilding CXX object gtest/CMakeFiles/gtest.dir/src/gtest-all.cc.o[0m
[  6%] [32m[1mLinking CXX static library libgtest.a[0m
[  6%] Built target gtest
[  7%] [32mBuilding CXX object gtest/CMakeFiles/gtest_main.dir/src/gtest_main.cc.o[0m
[  7%] [32m[1mLinking CXX static library libgtest_main.a[0m
[  7%] Built target gtest_main
[  7%] [32mBuilding CXX object gmock/CMakeFiles/gmock.dir/opt/ros/humble/src/gtest_vendor/src/gtest-all.cc.o[0m
gmake[2]: *** [gmock/CMakeFiles/gmock.dir/build.make:76: gmock/CMakeFiles/gmock.dir/opt/ros/humble/src/gtest_vendor/src/gtest-all.cc.o] Ââ≤„ÇäËæº„Åø
gmake[1]: *** [CMakeFiles/Makefile2:900: gmock/CMakeFiles/gmock.dir/all] Ââ≤„ÇäËæº„Åø
gmake: *** [Makefile:146: all] Ââ≤„ÇäËæº„Åø
