[01m[Kc++:[m[K [01;31m[Kfatal error: [m[K強制終了 signal terminated program cc1plus
compilation terminated.
gmake[2]: *** [CMakeFiles/test_servo_integration.dir/build.make:76: CMakeFiles/test_servo_integration.dir/test/test_servo_interface.cpp.o] エラー 1
gmake[1]: *** [CMakeFiles/Makefile2:393: CMakeFiles/test_servo_integration.dir/all] エラー 2
gmake[1]: *** 未完了のジョブを待っています....
gmake: *** [Makefile:146: all] エラー 2
