[01m[Kc++:[m[K [01;31m[Kfatal error: [m[Kå¼·åˆ¶çµ‚äº† signal terminated program cc1plus
compilation terminated.
gmake[2]: *** [CMakeFiles/test_servo_integration.dir/build.make:76: CMakeFiles/test_servo_integration.dir/test/test_servo_interface.cpp.o] ã‚¨ãƒ©ãƒ¼ 1
gmake[1]: *** [CMakeFiles/Makefile2:393: CMakeFiles/test_servo_integration.dir/all] ã‚¨ãƒ©ãƒ¼ 2
gmake[1]: *** æœªå®Œäº†ã®ã‚¸ãƒ§ãƒ–ã‚’å¾…ã£ã¦ã„ã¾ã™....
gmake: *** [Makefile:146: all] ã‚¨ãƒ©ãƒ¼ 2
