[  6%] Built target gtest_main
[ 12%] Built target fake_command_publisher
[ 18%] Built target gtest
[ 24%] Built target servo_controller_input
[ 33%] Built target moveit_servo_lib_parameters
[ 36%] [32mBuilding CXX object CMakeFiles/test_servo_integration.dir/test/test_servo_interface.cpp.o[0m
[ 39%] [32mBuilding CXX object CMakeFiles/moveit_servo_lib.dir/src/collision_check.cpp.o[0m
[ 42%] [32mBuilding CXX object CMakeFiles/moveit_servo_lib.dir/src/enforce_limits.cpp.o[0m
[ 45%] [32mBuilding CXX object CMakeFiles/test_servo_collision.dir/test/test_servo_collision.cpp.o[0m
[ 48%] [32mBuilding CXX object CMakeFiles/moveit_servo_lib.dir/src/servo.cpp.o[0m
[ 51%] [32mBuilding CXX object CMakeFiles/moveit_servo_lib.dir/src/servo_calcs.cpp.o[0m
[ 54%] [32mBuilding CXX object CMakeFiles/moveit_servo_lib.dir/src/utilities.cpp.o[0m
[01m[Kc++:[m[K [01;31m[Kfatal error: [m[KÂº∑Âà∂ÁµÇ‰∫Ü signal terminated program cc1plus
compilation terminated.
gmake[2]: *** [CMakeFiles/test_servo_integration.dir/build.make:76: CMakeFiles/test_servo_integration.dir/test/test_servo_interface.cpp.o] „Ç®„É©„Éº 1
gmake[1]: *** [CMakeFiles/Makefile2:393: CMakeFiles/test_servo_integration.dir/all] „Ç®„É©„Éº 2
gmake[1]: *** Êú™ÂÆå‰∫Ü„ÅÆ„Ç∏„Éß„Éñ„ÇíÂæÖ„Å£„Å¶„ÅÑ„Åæ„Åô....
[ 57%] [32m[1mLinking CXX executable test_servo_collision[0m
[ 57%] Built target test_servo_collision
[ 60%] [32m[1mLinking CXX shared library libmoveit_servo_lib.so[0m
[ 60%] Built target moveit_servo_lib
gmake: *** [Makefile:146: all] „Ç®„É©„Éº 2
